Determining if the include file stdint.h exists failed with the following output:
Change Dir: C:/WTJW/parallel_parsimony/build-vswin32/CMakeFiles/CMakeTmp

Run Build Command:C:\PROGRA~1\MICROS~1.0\Common7\IDE\VCExpress.exe CMAKE_TRY_COMPILE.sln /build Debug /project cmTryCompileExec

Microsoft (R) Visual C++ Express Edition Version 9.0.21022.8.
Copyright (C) Microsoft Corp 2007. All rights reserved.
1>------ Build started: Project: cmTryCompileExec, Configuration: Debug Win32 ------
1>Compiling...
1>Microsoft (R) 32-bit C/C++ Optimizing Compiler Version 15.00.21022.08 for 80x86
1>Copyright (C) Microsoft Corporation.  All rights reserved.
1>cl /Od /D "WIN32" /D "_WINDOWS" /D "_DEBUG" /D "CMAKE_INTDIR=\"Debug\"" /D "_MBCS" /FD /RTC1 /MDd /Fo"cmTryCompileExec.dir\Debug\\" /Fd"C:/WTJW/parallel_parsimony/build-vswin32/CMakeFiles/CMakeTmp/Debug/cmTryCompileExec.pdb" /W3 /c /Zi /TC   /Zm1000
1>   ".\CheckIncludeFile.c"
1>CheckIncludeFile.c
1>.\CheckIncludeFile.c(1) : fatal error C1083: Cannot open include file: 'stdint.h': No such file or directory
1>Build log was saved at "file://c:\WTJW\parallel_parsimony\build-vswin32\CMakeFiles\CMakeTmp\cmTryCompileExec.dir\Debug\BuildLog.htm"
1>cmTryCompileExec - 1 error(s), 0 warning(s)
========== Build: 0 succeeded, 1 failed, 0 up-to-date, 0 skipped ==========


Determining if the system is big endian passed with the following output:
Change Dir: C:/WTJW/parallel_parsimony/build-vswin32/CMakeFiles/CMakeTmp

Run Build Command:C:\PROGRA~1\MICROS~1.0\Common7\IDE\VCExpress.exe CMAKE_TRY_COMPILE.sln /build Debug /project cmTryCompileExec

Microsoft (R) Visual C++ Express Edition Version 9.0.21022.8.
Copyright (C) Microsoft Corp 2007. All rights reserved.
1>------ Build started: Project: cmTryCompileExec, Configuration: Debug Win32 ------
1>Compiling...
1>Microsoft (R) 32-bit C/C++ Optimizing Compiler Version 15.00.21022.08 for 80x86
1>Copyright (C) Microsoft Corporation.  All rights reserved.
1>cl /Od /D "WIN32" /D "_WINDOWS" /D "_DEBUG" /D "CMAKE_INTDIR=\"Debug\"" /D "_MBCS" /FD /RTC1 /MDd /Fo"cmTryCompileExec.dir\Debug\\" /Fd"C:/WTJW/parallel_parsimony/build-vswin32/CMakeFiles/CMakeTmp/Debug/cmTryCompileExec.pdb" /W3 /c /Zi /TC   /Zm1000
1>   ".\TestEndianess.c"
1>TestEndianess.c
1>Compiling manifest to resources...
1>Microsoft (R) Windows (R) Resource Compiler Version 6.0.5724.0
1>Copyright (C) Microsoft Corporation.  All rights reserved.
1>Linking...
1>Embedding manifest...
1>Microsoft (R) Windows (R) Resource Compiler Version 6.0.5724.0
1>Copyright (C) Microsoft Corporation.  All rights reserved.
1>Build log was saved at "file://c:\WTJW\parallel_parsimony\build-vswin32\CMakeFiles\CMakeTmp\cmTryCompileExec.dir\Debug\BuildLog.htm"
1>cmTryCompileExec - 0 error(s), 0 warning(s)
========== Build: 1 succeeded, 0 failed, 0 up-to-date, 0 skipped ==========

TestEndianess.c:
/* A 16 bit integer is required. */
typedef unsigned short cmakeint16;

/* On a little endian machine, these 16bit ints will give "THIS IS LITTLE ENDIAN."
   On a big endian machine the characters will be exchanged pairwise. */
const cmakeint16 info_little[] =  {0x4854, 0x5349, 0x4920, 0x2053, 0x494c, 0x5454, 0x454c, 0x4520, 0x444e, 0x4149, 0x2e4e, 0x0000};

/* on a big endian machine, these 16bit ints will give "THIS IS BIG ENDIAN."
   On a little endian machine the characters will be exchanged pairwise. */
const cmakeint16 info_big[] =     {0x5448, 0x4953, 0x2049, 0x5320, 0x4249, 0x4720, 0x454e, 0x4449, 0x414e, 0x2e2e, 0x0000};

#ifdef __CLASSIC_C__
int main(argc, argv) int argc; char *argv[];
#else
int main(int argc, char *argv[])
#endif
{
  int require = 0;
  require += info_little[argc];
  require += info_big[argc];
  (void)argv;
  return require;
}


Determining if files stdint.h exist failed with the following output:
Change Dir: C:/WTJW/parallel_parsimony/build-vswin32/CMakeFiles/CMakeTmp

Run Build Command:C:\PROGRA~1\MICROS~1.0\Common7\IDE\VCExpress.exe CMAKE_TRY_COMPILE.sln /build Debug /project cmTryCompileExec

Microsoft (R) Visual C++ Express Edition Version 9.0.21022.8.
Copyright (C) Microsoft Corp 2007. All rights reserved.
1>------ Build started: Project: cmTryCompileExec, Configuration: Debug Win32 ------
1>Compiling...
1>Microsoft (R) 32-bit C/C++ Optimizing Compiler Version 15.00.21022.08 for 80x86
1>Copyright (C) Microsoft Corporation.  All rights reserved.
1>cl /Od /D "WIN32" /D "_WINDOWS" /D "_DEBUG" /D "CMAKE_INTDIR=\"Debug\"" /D "_MBCS" /FD /RTC1 /MDd /Fo"cmTryCompileExec.dir\Debug\\" /Fd"C:/WTJW/parallel_parsimony/build-vswin32/CMakeFiles/CMakeTmp/Debug/cmTryCompileExec.pdb" /W3 /c /Zi /TC   /Zm1000
1>   ".\CheckIncludeFiles.c"
1>CheckIncludeFiles.c
1>.\CheckIncludeFiles.c(2) : fatal error C1083: Cannot open include file: 'stdint.h': No such file or directory
1>Build log was saved at "file://c:\WTJW\parallel_parsimony\build-vswin32\CMakeFiles\CMakeTmp\cmTryCompileExec.dir\Debug\BuildLog.htm"
1>cmTryCompileExec - 1 error(s), 0 warning(s)
========== Build: 0 succeeded, 1 failed, 0 up-to-date, 0 skipped ==========

Source:
/* */
#include <stdint.h>


int main(){return 0;}

Performing C SOURCE FILE Test HAS_INLINE_KEYWORD failed with the following output:
Change Dir: C:/WTJW/parallel_parsimony/build-vswin32/CMakeFiles/CMakeTmp

Run Build Command:C:\PROGRA~1\MICROS~1.0\Common7\IDE\VCExpress.exe CMAKE_TRY_COMPILE.sln /build Debug /project cmTryCompileExec

Microsoft (R) Visual C++ Express Edition Version 9.0.21022.8.
Copyright (C) Microsoft Corp 2007. All rights reserved.
1>------ Build started: Project: cmTryCompileExec, Configuration: Debug Win32 ------
1>Compiling...
1>Microsoft (R) 32-bit C/C++ Optimizing Compiler Version 15.00.21022.08 for 80x86
1>Copyright (C) Microsoft Corporation.  All rights reserved.
1>cl /Od /D "WIN32" /D "_WINDOWS" /D "HAS_INLINE_KEYWORD" /D "_DEBUG" /D "CMAKE_INTDIR=\"Debug\"" /D "_MBCS" /FD /RTC1 /MDd /Fo"cmTryCompileExec.dir\Debug\\" /Fd"C:/WTJW/parallel_parsimony/build-vswin32/CMakeFiles/CMakeTmp/Debug/cmTryCompileExec.pdb" /W3 /c /Zi /TC   /Zm1000
1>   ".\src.c"
1>src.c
1>.\src.c(1) : error C2054: expected '(' to follow 'inline'
1>.\src.c(1) : error C2085: 'f' : not in formal parameter list
1>.\src.c(1) : error C2143: syntax error : missing ';' before '{'
1>Build log was saved at "file://c:\WTJW\parallel_parsimony\build-vswin32\CMakeFiles\CMakeTmp\cmTryCompileExec.dir\Debug\BuildLog.htm"
1>cmTryCompileExec - 3 error(s), 0 warning(s)
========== Build: 0 succeeded, 1 failed, 0 up-to-date, 0 skipped ==========

Source file was:
inline int f() { return 42; } int main(int argc, char **argv) { return 0; }
